<?xml version="1.0" encoding="UTF-8" ?>
<testsuite tests="1" failures="1" name="ru.spbstu.telematics.java.AppTest" time="3.161" errors="0" skipped="0">
  <properties>
[...]
</properties>
  <testcase classname="ru.spbstu.telematics.java.AppTest" name="ConservationTest" time="3.161">
    <failure message="expected:&lt;1.152988438818912&gt; but was:&lt;1.0&gt;" type="java.lang.AssertionError">java.lang.AssertionError: expected:&lt;1.152988438818912&gt; but was:&lt;1.0&gt;
	at org.junit.Assert.fail(Assert.java:88)
	at org.junit.Assert.failNotEquals(Assert.java:834)
	at org.junit.Assert.assertEquals(Assert.java:553)
	at org.junit.Assert.assertEquals(Assert.java:683)
	at ru.spbstu.telematics.java.AppTest.ConservationTest(AppTest.java:46)
	at java.base/jdk.internal.reflect.NativeMethodAccessorImpl.invoke0(Native Method)
	at java.base/jdk.internal.reflect.NativeMethodAccessorImpl.invoke(NativeMethodAccessorImpl.java:62)
	at java.base/jdk.internal.reflect.DelegatingMethodAccessorImpl.invoke(DelegatingMethodAccessorImpl.java:43)
	at java.base/java.lang.reflect.Method.invoke(Method.java:566)
	at org.junit.runners.model.FrameworkMethod$1.runReflectiveCall(FrameworkMethod.java:50)
	at org.junit.internal.runners.model.ReflectiveCallable.run(ReflectiveCallable.java:12)
	at org.junit.runners.model.FrameworkMethod.invokeExplosively(FrameworkMethod.java:47)
	at org.junit.internal.runners.statements.InvokeMethod.evaluate(InvokeMethod.java:17)
	at org.junit.runners.ParentRunner.runLeaf(ParentRunner.java:325)
	at org.junit.runners.BlockJUnit4ClassRunner.runChild(BlockJUnit4ClassRunner.java:78)
	at org.junit.runners.BlockJUnit4ClassRunner.runChild(BlockJUnit4ClassRunner.java:57)
	at org.junit.runners.ParentRunner$3.run(ParentRunner.java:290)
	at org.junit.runners.ParentRunner$1.schedule(ParentRunner.java:71)
	at org.junit.runners.ParentRunner.runChildren(ParentRunner.java:288)
	at org.junit.runners.ParentRunner.access$000(ParentRunner.java:58)
	at org.junit.runners.ParentRunner$2.evaluate(ParentRunner.java:268)
	at org.junit.runners.ParentRunner.run(ParentRunner.java:363)
	at org.apache.maven.surefire.junit4.JUnit4Provider.execute(JUnit4Provider.java:252)
	at org.apache.maven.surefire.junit4.JUnit4Provider.executeTestSet(JUnit4Provider.java:141)
	at org.apache.maven.surefire.junit4.JUnit4Provider.invoke(JUnit4Provider.java:112)
	at java.base/jdk.internal.reflect.NativeMethodAccessorImpl.invoke0(Native Method)
	at java.base/jdk.internal.reflect.NativeMethodAccessorImpl.invoke(NativeMethodAccessorImpl.java:62)
	at java.base/jdk.internal.reflect.DelegatingMethodAccessorImpl.invoke(DelegatingMethodAccessorImpl.java:43)
	at java.base/java.lang.reflect.Method.invoke(Method.java:566)
	at org.apache.maven.surefire.util.ReflectionUtils.invokeMethodWithArray(ReflectionUtils.java:189)
	at org.apache.maven.surefire.booter.ProviderFactory$ProviderProxy.invoke(ProviderFactory.java:165)
	at org.apache.maven.surefire.booter.ProviderFactory.invokeProvider(ProviderFactory.java:85)
	at org.apache.maven.surefire.booter.ForkedBooter.runSuitesInProcess(ForkedBooter.java:115)
	at org.apache.maven.surefire.booter.ForkedBooter.main(ForkedBooter.java:75)
</failure>
    <system-out>РЎР»РѕР№ в„–1
	12.719312254256732	12.719457634485288	12.71989369363063	12.720620182755066	12.72163667247987	12.72294253093233	12.72453689220775	12.726418614669091	12.728586228194038	12.731037869251399
	12.234384627526076	12.234565282106534	12.235107720719979	12.236013374504317	12.237284650515297	12.23892496477173	12.240938789136429	12.243331712661892	12.246110518226052	12.249283275492513
	11.317885864203427	11.318065900770026	11.31860605254453	11.319506446281055	11.320767294992908	11.322388900550738	11.3243716572458	11.326716056241905	11.32942269081402	11.332492262243417
	10.569108337350837	10.569303820677574	10.569890208548738	10.570867314617974	10.572234828239264	10.57399231434699	10.57613921325453	10.578674840337884	10.581598385561191	10.584908912791551
	10.168606431174414	10.168821719726418	10.169467598052185	10.17054410468892	10.172051305624281	10.173989296932103	10.176358208457048	10.179158208542677	10.182389509796016	10.186052375879997
	9.99893949689107	9.999169217793613	9.999858492785487	10.001007659972249	10.002617287044437	10.004688177567925	10.007221379827255	10.010218198259498	10.013680207527246	10.017609269291246
	9.897995339469372	9.898232556550498	9.898944363232493	9.900131227414175	9.901793934211227	9.903933593910109	9.906551653158509	9.909649909448083	9.913230528961963	9.917296067877109
	9.790177460338649	9.790416966369737	9.791135619063798	9.792333823751365	9.794012261083878	9.796171894708747	9.798813982062782	9.80194008833267	9.805552103645192	9.809652263564095
	9.701411641365267	9.701649868854863	9.702364607861478	9.703556029172992	9.705224421365017	9.707370196745424	9.709993899779283	9.713096218099201	9.716677996239511	9.72074025226853
	9.71643668436467	9.716681444341631	9.717415749122138	9.718639672701189	9.720353336535226	9.722556906660891	9.725250589503	9.728434626210182	9.732109285305631	9.736274853385785

РЎР»РѕР№ в„–2
	12.225132429575028	12.225289740976914	12.225761903822745	12.226549608370211	12.227654019573462	12.229076799107679	12.230820136682878	12.232886791136245	12.235280141946527	12.238004251979158
	11.70209850873091	11.702222672499035	11.702594720001432	11.703213315162287	11.704076215553858	11.705180248704364	11.706521278445376	11.708094160806679	11.709892688813897	11.711909525382136
	10.739035288482246	10.73922451143853	10.739792049652213	10.74073751135401	10.742060244255809	10.74375933656538	10.74583361845497	10.748281664033863	10.75110179389202	10.754292078301164
	9.94317739403606	9.943403106493296	9.944080154627768	9.945208271019387	9.94678701094061	9.948815753817026	9.951293705275736	9.954219899785034	9.95759320389014	9.961412320050892
	9.51109539198205	9.51132684685336	9.512021084943315	9.513177726594005	9.51479613875355	9.516875434536383	9.519414472594075	9.52241185628349	9.525865932615183	9.529774790961502
	9.328428175893727	9.328654789875078	9.329334460482167	9.330466673138261	9.332050568322869	9.334084938710559	9.336568225120473	9.339498511231575	9.34287351700529	9.346690590743899
	9.227074904003636	9.227300485476508	9.227977038655895	9.229103989053995	9.230680376615444	9.232704851823636	9.235175670189172	9.238090685059461	9.241447338670358	9.245242651342002
	9.127069001574622	9.127300680075397	9.127995531134198	9.129153000836189	9.130772164038515	9.132851721430082	9.135389995389076	9.138384924612483	9.141834057484816	9.145734544146679
	9.05140862651099	9.051649856736727	9.052373344506128	9.053578479550984	9.055264239586622	9.057429182478126	9.060071435117507	9.063188678853892	9.066778131270024	9.070836524047097
	9.07746690750153	9.0777320382727	9.07852752737999	9.079853667348079	9.081710952890104	9.084100091761844	9.087022020151426	9.090477922802028	9.09446925812632	9.09899778863695

РЎР»РѕР№ в„–3
	11.294348190204806	11.294538934180391	11.295111252044018	11.296065402785878	11.297401821985812	11.299121127698324	11.301224128672425	11.303711834885272	11.306585470360206	11.30984648822908
	10.718971259707281	10.719161784448708	10.719733202415075	10.720685044921057	10.722016531125748	10.72372656850796	10.725813753579041	10.728276372882691	10.73111240434811	10.73431951908219
	9.654524847673557	9.654795408575191	9.655607054198136	9.65695967389763	9.658853085272419	9.661287037184755	9.664261214008421	9.667775241124815	9.671828691693158	9.67642109472664
	8.764518950387522	8.764835629897439	8.765785633864015	8.767368858804415	8.76958513293451	8.772434217193686	8.775915806667347	8.780029532394742	8.784774963546019	8.79015160994854
	8.277490345543209	8.277815573696296	8.278791224813686	8.280417199157283	8.282693331455647	8.285619392343273	8.28919509037805	8.293420074639402	8.29829393791046	8.30381622044847
	8.079351156324035	8.07967050715895	8.080628527445695	8.08222512092587	8.084460128489688	8.087333330164757	8.090844447915403	8.094993149267799	8.099779051780844	8.105201728387629
	7.9884671197473525	7.988783832207773	7.9897339372268625	7.991317338156185	7.993533875378434	7.996383328513653	7.99986541953027	8.003979816783607	8.00872614001148	8.014103966323912
	7.915009387097589	7.915330428194827	7.916293520059618	7.917898568710525	7.920145418510729	7.923033853670406	7.926563600358161	7.9307343294296215	7.9355456597837986	7.9409971623603095
	7.871973431981323	7.872299883575673	7.873279255821229	7.87491160184242	7.877197012643193	7.880135620826276	7.8837276058492884	7.887973200867751	7.892872701230664	7.898426474710866
	7.914252690083703	7.91455992387791	7.915481514574791	7.9170171295634315	7.9191662126376015	7.921927981181995	7.925301422169046	7.929285286901269	7.933878084413914	7.939078073431131

РЎР»РѕР№ в„–4
	10.512775814829997	10.512993603081313	10.513647000585326	10.51473610629193	10.516261087450388	10.518222183110442	10.520619709027738	10.523454063977958	10.526725737485457	10.530435318974442
	9.889586238999062	9.889815911514395	9.890504795636788	9.891652490923205	9.893258329390248	9.895321374631825	9.897840420554086	9.90081398969758	9.90424033110735	9.908117417702407
	8.732432224674541	8.73275068379635	8.733706024901647	8.735298139515212	8.73752684786241	8.740391900395625	8.743892979931935	8.74802970440288	8.752801630217304	8.75820825623875
	7.75389393411252	7.754265252604328	7.7553791715794995	7.757235581559576	7.759834300153568	7.763175072163413	7.7672575697232435	7.772081392464019	7.777646067692754	7.783951050573189
	7.211257049391525	7.211640037177199	7.212788966526504	7.21470373543048	7.2173841739207845	7.220830044137013	7.225041040415851	7.230016789396952	7.23575685013899	7.242260714237857
	6.996979765291551	6.997356781103838	6.998487797663425	7.000372722355689	7.00301140087935	7.006403617327805	7.010549094296372	7.015447493008757	7.021098413454074	7.027501394523591
	6.923914602551968	6.924286666209637	6.925402827423694	6.927262996929695	6.929867025994267	6.933214706473877	6.9373057708925145	6.94213989253376	6.947716685541285	6.954035705020586
	6.891514918872915	6.891887399047324	6.89300481197584	6.894867074716115	6.897474048499966	6.900825537924319	6.904921289793215	6.909760991585114	6.915344269512049	6.921670686128922
	6.8956738619686355	6.896046537879577	6.897164610708688	6.899028216469501	6.901637584272677	6.9049930399784385	6.909095011350717	6.913944034754185	6.919540763447731	6.925885977540679
	6.964405150597771	6.964745238251895	6.965765326641976	6.9674648909755	6.969843053003888	6.972898575599209	6.976629855098183	6.981034911349328	6.986111375380236	6.991856474582282

РЎР»РѕР№ в„–5
	10.079856730707688	10.080088560609713	10.080784120644422	10.081943622762727	10.083567423435689	10.085656028494135	10.088210099924696	10.091230464643125	10.094718125272296	10.098674272958714
	9.425980886962694	9.426217977551419	9.426929096789184	9.428113786722164	9.429771282860765	9.431900512313293	9.434500091140388	9.437568320897256	9.441103184321223	9.445102340112625
	8.212549035798665	8.21287820212746	8.213865666645335	8.215511326292859	8.21781501045924	8.220776482719609	8.224395443276883	8.22867153211814	8.233604332898496	8.23919337756863
	7.176420507896167	7.176805834662346	7.1779617808438205	7.179888244105635	7.182585053942714	7.186051971756661	7.190288690957269	7.195294837082707	7.201069967930581	7.207613573690302
	6.589185874323704	6.58958569934101	6.590785142400557	6.592784107528075	6.595582434775928	6.599179900237131	6.603576216064594	6.608771030495258	6.614763927878683	6.621554428709717
	6.354575456115723	6.354970633589166	6.356156136888512	6.358131878652774	6.360897713286746	6.3644534369705985	6.368798787673129	6.373933445168507	6.379857031056365	6.38656910878503
	6.29266105864687	6.2930498844255425	6.294216334057284	6.296160324426647	6.298881716999419	6.302380317810758	6.306655877450297	6.311708091046017	6.317536598249302	6.324140983224248
	6.296366452155443	6.296752185207025	6.297909358597744	6.299837894917184	6.302537664751645	6.306008486082924	6.31025012343303	6.315262286741104	6.321044629954698	6.327596749313124
	6.342227736814774	6.342610145116495	6.343757394511043	6.345669558987741	6.348346763604276	6.3517891871168946	6.35599706569698	6.3609706977686145	6.366710450012211	6.373216764590352
	6.435622144686392	6.43597945474004	6.437051251146184	6.438837131844366	6.441336424073731	6.444548180359527	6.448471172847347	6.45310388593772	6.458444507159457	6.464490916205373

РЎР»РѕР№ в„–6
	9.89532852708188	9.895565945850148	9.896278316861395	9.897465985522269	9.899129531807153	9.901269776722478	9.903887791395753	9.906984908828777	9.910562738366442	9.914623182945002
	9.229129945745436	9.229364091217198	9.23006635489626	9.231236217995848	9.232872813937709	9.234974925428482	9.237540980320059	9.240569046207229	9.24405682370202	9.248001638310193
	7.996695224344461	7.997021603916495	7.998000709367182	7.9996324412972575	8.001916635366639	8.00485306429011	8.00844144064659	8.012681420517596	8.017572607975218	8.023114560444936
	6.939359943437721	6.939742927314855	6.940891846966378	6.94280660647002	6.945487046012289	6.948932941970629	6.953144007021855	6.958119890270222	6.963860177386408	6.970364390746725
	6.326510857155931	6.3269101748740635	6.328108097742207	6.33010453490385	6.332899334939013	6.336492285875476	6.340883115204348	6.346071489899882	6.3520570164433465	6.358839240850845
	6.069471475032731	6.069868533118772	6.071059679219083	6.073044828861838	6.07582384126601	6.079396519349416	6.083762609740108	6.0889218027911	6.094873732598598	6.1016179770237775
	6.003714807419878	6.004105924469935	6.005279248743926	6.007234699612314	6.009972142689353	6.0134913898288636	6.017792199119472	6.022874274880487	6.028737267659923	6.035380774236688
	6.024542672494587	6.0249288070985845	6.026087185686252	6.0280177325184985	6.030720321142018	6.034194774053204	6.038440862219712	6.043458304451864	6.049246766613356	6.055805860658396
	6.093090718884739	6.093471925683904	6.094615549604954	6.09652160152808	6.099190100621689	6.102621075905026	6.1068145684569926	6.1117706342924825	6.117489347934076	6.123970806713606
	6.200095923434619	6.200460536867222	6.201554287925789	6.203376908409998	6.205927949706589	6.209206780355944	6.213212582616474	6.217944347997713	6.223400871724189	6.229580746083131

РЎР»РѕР№ в„–7
	9.825081533585694	9.82532111944608	9.826040005736289	9.82723857998869	9.828917492781164	9.831077664795128	9.833720296741431	9.836846882199346	9.840459223427843	9.8445594502228
	9.161652988091687	9.161886330062394	9.162586177223321	9.16375199268543	9.165382879507495	9.167477577479083	9.17003445856092	9.17305152092622	9.176526381529648	9.18045626711288
	7.941155540430612	7.941478942962238	7.942449117285563	7.944065963990909	7.9463293187481066	7.949238954344971	7.95279458356036	7.956995862891289	7.961842397159659	7.967333745030445
	6.897369065200525	6.897746413833617	6.898878428770249	6.900765017130657	6.903406024142051	6.906801233177514	6.910950365807803	6.915853081863465	6.921508979503991	6.927917595290108
	6.284464123657177	6.284857085990145	6.28603594392124	6.288000610242742	6.290750939594542	6.294286728444551	6.298607715063912	6.303713579499692	6.309603943548715	6.316278370737223
	6.011279553805796	6.011671993448299	6.012849284916656	6.014811345831823	6.01755803889031	6.021089171857274	6.025404497558318	6.030503713871509	6.036386463721557	6.043052335078783
	5.928397761698527	5.928786186234559	5.929951433181388	5.931893422552849	5.9346120210311035	5.938107041956187	5.9423782453131615	5.947425337718746	5.9532479724098675	5.95984574923725
	5.94352973097221	5.943913588336786	5.945065135155495	5.946984295556577	5.949670942930922	5.953124899695622	5.957345936958672	5.9623337740803795	5.968088078125853	5.974608463201418
	6.012973480637905	6.013352782692987	6.0144906832336975	6.016387165591044	6.01904220266752	6.0224557579709534	6.026627787077117	6.031558239536566	6.037247061245837	6.0436941973080485
	6.121982235300963	6.122349178712489	6.123449941077505	6.125284318455895	6.127851969839954	6.131152415483502	6.135185034543347	6.139949062013514	6.145443584926813	6.151667537792093

РЎР»РѕР№ в„–8
	9.82214613465633	9.82238584000678	9.823105082983314	9.824304245836936	9.825983970573704	9.828145166346642	9.8307890198245	9.83391700855674	9.837530917357917	9.841632857737823
	9.168809080491847	9.169042415563304	9.169742238745467	9.170908003577074	9.172538798076078	9.174633342927997	9.177189988966541	9.180206713964909	9.18368111876332	9.18761042276728
	7.974385077222367	7.974705441611479	7.975666503358557	7.977268168475216	7.979510281222765	7.98239262547734	7.985914926645493	7.990076854134478	7.994878024382589	8.000318004455822
	6.962163572705058	6.962533885032879	6.963644795837797	6.965496226340659	6.96808804442599	6.971420063398538	6.975492040206	6.980303673090971	6.9858545986239395	6.992144388057276
	6.366754455698135	6.367137920058999	6.368288288226734	6.3702054852842815	6.372889385792005	6.3763398129104045	6.380556537150866	6.385539274733146	6.391287685521678	6.3978013705061425
	6.085952126379527	6.08633575664303	6.087486622703654	6.089404650285062	6.092089715302831	6.095541643423093	6.09976020943347	6.104745136414949	6.1104960946998546	6.1170127005974075
	5.9798456561863675	5.980227984233436	5.9813749433676815	5.983286458505067	5.985962404294085	5.989402604795079	5.993606833024272	5.998574810355374	6.004306205769461	6.010800634941526
	5.974426936730056	5.974806856022986	5.975946589583634	5.9778460643658535	5.980505158318798	5.983923699920904	5.988101467517096	5.993038188448769	5.998733537962838	6.00518713788282
	6.032137729179841	6.032514380163569	6.033644324637251	6.0355275372850885	6.038163976303776	6.041553583989179	6.045696287561941	6.0505920002362785	6.056240622537262	6.062642043872978
	6.13766078998941	6.138027075020005	6.1391258716319195	6.140957004115878	6.143520178722647	6.146814982306817	6.1508408804171	6.1555972148220715	6.161083200457301	6.167297921776645

РЎР»РѕР№ в„–9
	9.880936031749545	9.881173857319508	9.881887448852767	9.883077153423079	9.884743558210484	9.88688750374503	9.889510102766817	9.892612765028424	9.896197228468854	9.90026559729937
	9.23807305921046	9.238304864584356	9.238999971920471	9.240157451421053	9.241775741902158	9.24385263333263	9.246385242027213	9.24936997812578	9.252802504876398	9.256677689118384
	8.063740955150987	8.06405490605826	8.064996782489306	8.066566656475903	8.068764651096759	8.071590945058636	8.075045779195877	8.079129464976079	8.083842395127618	8.08918505653451
	7.078368901768066	7.078729227303097	7.079810287810772	7.081612336168568	7.084135797748083	7.087381276313916	7.091349562352736	7.096041643903822	7.101458719983748	7.107602216719854
	6.501605284452137	6.5019774372100665	6.503093945103919	6.50495495780925	6.507560727511038	6.510911613019599	6.515008085587914	6.519850736485962	6.525440286404562	6.531777596778752
	6.218228400323715	6.218601817730406	6.2197220836897245	6.221589239860479	6.224203357148676	6.227564537934843	6.2316729192231275	6.236528676743343	6.2421320300466165	6.248483248645011
	6.092497498109552	6.0928722739136765	6.093996603661789	6.095870494661632	6.098493960097643	6.101867020548835	6.105989706135164	6.110862059313949	6.116484138354435	6.1228560215254575
	6.066752885821033	6.06712747997855	6.068251261400785	6.070124227151042	6.0727463730506575	6.076117694758368	6.08023818929272	6.0851078570088015	6.0907267040439175	6.09709474525004
	6.112740738159573	6.113113032445438	6.114229923290738	6.116091435076184	6.118697609834258	6.122048509367036	6.126144218253257	6.130984847787546	6.136570540908078	6.142901478183273
	6.215030242470523	6.215393809270236	6.216484460142685	6.218302046130085	6.220846317703941	6.224116922843782	6.228113404301003	6.2328351960003925	6.238281618516939	6.244451873549328

РЎР»РѕР№ в„–10
	9.969093954565736	9.96933249916903	9.970048003073167	9.97124007269078	9.972908039066743	9.975050938147453	9.9776674826203	9.980756024775305	9.984314509668835	9.9883404176856
	9.339131870691391	9.33941785353215	9.340276213390002	9.341708189984038	9.343715868630241	9.34630220918639	9.34947108711598	9.353227347222065	9.357576870772899	9.362526656923059
	8.166124041998962	8.166410607445451	8.16727016921183	8.16870232249189	8.170706388966094	8.173281411269969	8.176426145112993	8.180139048908257	8.1844182707291	8.18926163236171
	7.192509395358286	7.192817396293681	7.193741136389357	7.195279825758605	7.197432142058909	7.2001962216454185	7.203569647086509	7.2075494309413175	7.212131995669525	7.217313149513161
	6.629860132031378	6.63019410811979	6.631195843326765	6.632864757217806	6.635199878192425	6.638199837132323	6.641862858433904	6.646186748349241	6.651168880536967	6.656806178700684
	6.350779989029534	6.351130766012301	6.352182981150154	6.3539362863155215	6.356390098969115	6.359543598649032	6.363395722013557	6.367945156395256	6.373190331811154	6.379129411360559
	6.219133503168119	6.219491363219337	6.220564856352194	6.222353721030479	6.224857519777024	6.228075636784358	6.232007274541211	6.236651449446128	6.242006986370767	6.248072512126419
	6.185457828669041	6.18581808488407	6.186898778888556	6.1886996863919705	6.191220432345424	6.194460489086654	6.198419173727066	6.203095644764813	6.208488897903415	6.214597761050713
	6.226550504926931	6.22691026824645	6.227989485260567	6.229787936558838	6.2323052545251265	6.235540920410281	6.2394942601749435	6.244164439042395	6.249550454682474	6.255651128927555
	6.327690250154024	6.328049476685458	6.329127143678155	6.330923213813314	6.333437626522922	6.336670300469576	6.340621137088573	6.345290025264074	6.350676847233912	6.356781485841957


==========

</system-out>
  </testcase>
</testsuite>