<?xml version="1.0" encoding="UTF-8" ?>
<testsuite tests="4" failures="0" name="ru.spbstu.telematics.java.AppTest" time="0.005" errors="0" skipped="0">
  <properties>
[...]
</properties>
  <testcase classname="ru.spbstu.telematics.java.AppTest" name="testElement" time="0.005"/>
  <testcase classname="ru.spbstu.telematics.java.AppTest" name="testPeek" time="0"/>
  <testcase classname="ru.spbstu.telematics.java.AppTest" name="testPoll" time="0"/>
  <testcase classname="ru.spbstu.telematics.java.AppTest" name="testRemove" time="0"/>
</testsuite>